[0mGET /users [32m200 [0m5.533 ms - 44[0m
[0mPOST /log [33m404 [0m17.087 ms - 1468[0m
[0mPOST /login [33m404 [0m0.817 ms - 1468[0m
[0mGET / [32m200 [0m43.877 ms - 39[0m
[0mGET /users [32m200 [0m1.141 ms - 44[0m
[0mGET /users/login [33m404 [0m1.374 ms - 1468[0m
[0mPOST /users/login [32m200 [0m3.790 ms - 39[0m
[0mPOST /users/login [32m200 [0m19.866 ms - 48[0m
[0mPOST /users/login [32m200 [0m3.795 ms - 39[0m
[0mPOST /users/login [32m200 [0m22.848 ms - 39[0m
[0mPOST /users/logout [36m302 [0m7.214 ms - 23[0m
[0mGET / [32m200 [0m4.204 ms - 39[0m
[0mGET / [36m304 [0m6.649 ms - -[0m
[0mPOST /users/test-login [33m404 [0m2.155 ms - 1468[0m
[0mGET /users/test-login [32m200 [0m1.000 ms - 34[0m
[0mPOST /users/login [32m200 [0m19.112 ms - 39[0m
[0mGET /users/test-login [32m200 [0m14.483 ms - 34[0m
[0mGET /users/test-login [32m200 [0m1.117 ms - 34[0m
[0mPOST /users/login [32m200 [0m2.670 ms - 39[0m
[0mGET /users/test-login [32m200 [0m11.646 ms - 34[0m
[0mGET /users/test-login [32m200 [0m6.198 ms - 34[0m
[0mPOST /users/login [32m200 [0m19.976 ms - 39[0m
[0mGET /users/test-login [32m200 [0m14.474 ms - 34[0m
[0mPOST /users/login [32m200 [0m17.863 ms - 31[0m
[0mGET /users/test-login [32m200 [0m15.726 ms - 119[0m
[0mGET /users/test-login [32m200 [0m18.125 ms - 119[0m
[0mPOST /users/login [32m200 [0m3.700 ms - 43[0m
[0mGET /users/test-login [32m200 [0m5.865 ms - 119[0m
[0mPOST /users/login [32m200 [0m15.187 ms - 43[0m
[0mGET /users/test-login [32m200 [0m5.866 ms - 119[0m
[0mPOST /users/login [32m200 [0m19.034 ms - 43[0m
[0mGET /users/test-login [32m200 [0m5.221 ms - 119[0m
[0mGET /users/test-login [32m200 [0m9.194 ms - 119[0m
[0mPOST /users/login [32m200 [0m18.441 ms - 43[0m
[0mGET /users/test-login [32m200 [0m9.779 ms - 119[0m
[0mPOST /users/login [32m200 [0m19.261 ms - 43[0m
[0mGET /users/test-login [32m200 [0m17.243 ms - 42[0m
